c:\users\gabri\source\repos\d3d12-academy\d3d12-academy\x64\debug\vc143.pdb
c:\users\gabri\source\repos\d3d12-academy\d3d12-academy\x64\debug\vc143.idb
c:\users\gabri\source\repos\d3d12-academy\d3d12-academy\x64\debug\window.obj
c:\users\gabri\source\repos\d3d12-academy\d3d12-academy\x64\debug\triangle.obj
c:\users\gabri\source\repos\d3d12-academy\d3d12-academy\x64\debug\mesh.obj
c:\users\gabri\source\repos\d3d12-academy\d3d12-academy\x64\debug\main.obj
c:\users\gabri\source\repos\d3d12-academy\d3d12-academy\x64\debug\graphics.obj
c:\users\gabri\source\repos\d3d12-academy\d3d12-academy\x64\debug\applicationerror.obj
c:\users\gabri\source\repos\d3d12-academy\x64\debug\pixel-shader.cso
c:\users\gabri\source\repos\d3d12-academy\x64\debug\vertex-shader.cso
c:\users\gabri\source\repos\d3d12-academy\x64\debug\d3d12-academy.exe
c:\users\gabri\source\repos\d3d12-academy\x64\debug\d3d12-academy.pdb
c:\users\gabri\source\repos\d3d12-academy\d3d12-academy\x64\debug\d3d12-academy.ilk
c:\users\gabri\source\repos\d3d12-academy\d3d12-academy\x64\debug\d3d12-academy.tlog\cl.command.1.tlog
c:\users\gabri\source\repos\d3d12-academy\d3d12-academy\x64\debug\d3d12-academy.tlog\cl.items.tlog
c:\users\gabri\source\repos\d3d12-academy\d3d12-academy\x64\debug\d3d12-academy.tlog\cl.read.1.tlog
c:\users\gabri\source\repos\d3d12-academy\d3d12-academy\x64\debug\d3d12-academy.tlog\cl.write.1.tlog
c:\users\gabri\source\repos\d3d12-academy\d3d12-academy\x64\debug\d3d12-academy.tlog\fxc.command.1.tlog
c:\users\gabri\source\repos\d3d12-academy\d3d12-academy\x64\debug\d3d12-academy.tlog\fxc.read.1.tlog
c:\users\gabri\source\repos\d3d12-academy\d3d12-academy\x64\debug\d3d12-academy.tlog\fxc.write.1.tlog
c:\users\gabri\source\repos\d3d12-academy\d3d12-academy\x64\debug\d3d12-academy.tlog\link.command.1.tlog
c:\users\gabri\source\repos\d3d12-academy\d3d12-academy\x64\debug\d3d12-academy.tlog\link.read.1.tlog
c:\users\gabri\source\repos\d3d12-academy\d3d12-academy\x64\debug\d3d12-academy.tlog\link.secondary.1.tlog
c:\users\gabri\source\repos\d3d12-academy\d3d12-academy\x64\debug\d3d12-academy.tlog\link.write.1.tlog
